=== EMAIL NOTIFICATION ===
Date: 2025-10-12 13:07:25
To: s@gmail.com
Subject: Driver Application Approved
Message:
Dear MOHD AZIAN BIN HUSIN @ CHE HAMAT,

Congratulations! Your driver application has been approved by JKM.
You can now login to your driver dashboard and start providing services.

Thank you for your interest in joining our OKU Transport Service.

Best regards,
JKM Team
========================

=== EMAIL NOTIFICATION ===
Date: 2025-10-12 13:07:25
To: s@gmail.com
Subject: Driver Application Rejected
Message:
Dear MOHD AZIAN BIN HUSIN @ CHE HAMAT,

We regret to inform you that your driver application has been rejected.
Please contact JKM for more information about the rejection.

Thank you for your interest in joining our OKU Transport Service.

Best regards,
JKM Team
========================

=== EMAIL NOTIFICATION ===
Date: 2025-10-12 13:07:25
To: s@gmail.com
Subject: Driver Application Rejected
Message:
Dear MOHD AZIAN BIN HUSIN @ CHE HAMAT,

We regret to inform you that your driver application has been rejected.
Please contact JKM for more information about the rejection.

Thank you for your interest in joining our OKU Transport Service.

Best regards,
JKM Team
========================

=== EMAIL NOTIFICATION ===
Date: 2025-10-12 13:07:29
To: s@gmail.com
Subject: Driver Application Rejected
Message:
Dear MOHD AZIAN BIN HUSIN @ CHE HAMAT,

We regret to inform you that your driver application has been rejected.
Please contact JKM for more information about the rejection.

Thank you for your interest in joining our OKU Transport Service.

Best regards,
JKM Team
========================

=== EMAIL NOTIFICATION ===
Date: 2025-10-12 13:07:38
To: s@gmail.com
Subject: Driver Application Rejected
Message:
Dear MOHD AZIAN BIN HUSIN @ CHE HAMAT,

We regret to inform you that your driver application has been rejected.
Please contact JKM for more information about the rejection.

Thank you for your interest in joining our OKU Transport Service.

Best regards,
JKM Team
========================

=== EMAIL NOTIFICATION ===
Date: 2025-10-12 13:07:45
To: s@gmail.com
Subject: Driver Application Pending
Message:
Dear MOHD AZIAN BIN HUSIN @ CHE HAMAT,

Your driver application status has been reset to pending review.
JKM will review your application again. Please wait for further notification.

Thank you for your interest in joining our OKU Transport Service.

Best regards,
JKM Team
========================

=== EMAIL NOTIFICATION ===
Date: 2025-10-12 13:07:52
To: s@gmail.com
Subject: Driver Application Rejected
Message:
Dear MOHD AZIAN BIN HUSIN @ CHE HAMAT,

We regret to inform you that your driver application has been rejected.
Please contact JKM for more information about the rejection.

Thank you for your interest in joining our OKU Transport Service.

Best regards,
JKM Team
========================

=== EMAIL NOTIFICATION ===
Date: 2025-10-12 13:08:00
To: s@gmail.com
Subject: Driver Application Approved
Message:
Dear MOHD AZIAN BIN HUSIN @ CHE HAMAT,

Congratulations! Your driver application has been approved by JKM.
You can now login to your driver dashboard and start providing services.

Thank you for your interest in joining our OKU Transport Service.

Best regards,
JKM Team
========================

=== EMAIL NOTIFICATION ===
Date: 2025-10-12 13:08:05
To: s@gmail.com
Subject: Driver Application Approved
Message:
Dear MOHD AZIAN BIN HUSIN @ CHE HAMAT,

Congratulations! Your driver application has been approved by JKM.
You can now login to your driver dashboard and start providing services.

Thank you for your interest in joining our OKU Transport Service.

Best regards,
JKM Team
========================

=== EMAIL NOTIFICATION ===
Date: 2025-10-12 13:09:12
To: s@gmail.com
Subject: Driver Application Rejected
Message:
Dear MOHD AZIAN BIN HUSIN @ CHE HAMAT,

We regret to inform you that your driver application has been rejected.
Please contact JKM for more information about the rejection.

Thank you for your interest in joining our OKU Transport Service.

Best regards,
JKM Team
========================

=== EMAIL NOTIFICATION ===
Date: 2025-10-12 13:09:13
To: s@gmail.com
Subject: Driver Application Approved
Message:
Dear MOHD AZIAN BIN HUSIN @ CHE HAMAT,

Congratulations! Your driver application has been approved by JKM.
You can now login to your driver dashboard and start providing services.

Thank you for your interest in joining our OKU Transport Service.

Best regards,
JKM Team
========================

=== EMAIL NOTIFICATION ===
Date: 2025-10-12 13:09:13
To: s@gmail.com
Subject: Driver Application Approved
Message:
Dear MOHD AZIAN BIN HUSIN @ CHE HAMAT,

Congratulations! Your driver application has been approved by JKM.
You can now login to your driver dashboard and start providing services.

Thank you for your interest in joining our OKU Transport Service.

Best regards,
JKM Team
========================

=== EMAIL NOTIFICATION ===
Date: 2025-10-12 13:10:00
To: s@gmail.com
Subject: Driver Application Approved
Message:
Dear MOHD AZIAN BIN HUSIN @ CHE HAMAT,

Congratulations! Your driver application has been approved by JKM.
You can now login to your driver dashboard and start providing services.

Thank you for your interest in joining our OKU Transport Service.

Best regards,
JKM Team
========================

=== EMAIL NOTIFICATION ===
Date: 2025-10-12 13:10:04
To: s@gmail.com
Subject: Driver Application Rejected
Message:
Dear MOHD AZIAN BIN HUSIN @ CHE HAMAT,

We regret to inform you that your driver application has been rejected.
Please contact JKM for more information about the rejection.

Thank you for your interest in joining our OKU Transport Service.

Best regards,
JKM Team
========================

=== EMAIL NOTIFICATION ===
Date: 2025-10-12 13:10:16
To: s@gmail.com
Subject: Driver Application Approved
Message:
Dear MOHD AZIAN BIN HUSIN @ CHE HAMAT,

Congratulations! Your driver application has been approved by JKM.
You can now login to your driver dashboard and start providing services.

Thank you for your interest in joining our OKU Transport Service.

Best regards,
JKM Team
========================

=== EMAIL NOTIFICATION ===
Date: 2025-10-12 13:11:00
To: s@gmail.com
Subject: Driver Application Rejected
Message:
Dear MOHD AZIAN BIN HUSIN @ CHE HAMAT,

We regret to inform you that your driver application has been rejected.
Please contact JKM for more information about the rejection.

Thank you for your interest in joining our OKU Transport Service.

Best regards,
JKM Team
========================

